A.L.E: Arcade Learning Environment (version 0.10.1+6a7e0ae)
[Powered by Stella]
/var/folders/42/p1yrg3196yx2c05_x1wdj0sh0000gp/T/tmp83fmvdm2: line 3: 68238 Killed: 9               python train.py --exp 1
/opt/anaconda3/envs/dqn/lib/python3.10/multiprocessing/resource_tracker.py:224: UserWarning: resource_tracker: There appear to be 1 leaked semaphore objects to clean up at shutdown
  warnings.warn('resource_tracker: There appear to be %d '

ERROR conda.cli.main_run:execute(127): `conda run python train.py --exp 1` failed. (See above for error)

======================================================================
  Deep Q-Network  |  MlpPolicy  |  Your 10 Experiments
  Environment : ALE/Tennis-v5
  Action Space: 18 actions (see Tennis documentation)
  Output dir  : /Users/cococe/Desktop/Deep-Q-Learning-grp11
======================================================================

================================================================================
  HYPERPARAMETER TABLE  (Your Experiments)
================================================================================
  #    Experiment                          lr       gamma   batch   ε_start   ε_end    ε_decay  
  ------------------------------------------------------------------------------
  1    Exp1_OptimizedBase                  0.0005   0.99    32      1.0       0.05     200000   
  2    Exp2_LowerLR                        0.0001   0.99    32      1.0       0.05     200000   
  3    Exp3_HigherLR                       0.001    0.99    32      1.0       0.05     200000   
  4    Exp4_LargeBatch                     0.0005   0.99    64      1.0       0.05     200000   
  5    Exp5_SmallBatch                     0.0005   0.99    16      1.0       0.05     200000   
  6    Exp6_HighGamma                      0.0005   0.999   32      1.0       0.05     200000   
  7    Exp7_LowGamma                       0.0005   0.95    32      1.0       0.05     200000   
  8    Exp8_FastExploration                0.0005   0.99    32      1.0       0.05     100000   
  9    Exp9_SlowExploration                0.0005   0.99    32      1.0       0.05     300000   
  10   Exp10_ExtendedTraining              0.0005   0.99    32      1.0       0.05     300000   
================================================================================


>>> Running SINGLE experiment 1/10: Exp1_OptimizedBase
    Notes: Optimized baseline for Tennis (18 actions) - full learning.
    Timesteps: 300,000

======================================================================
  EXPERIMENT : Exp1_OptimizedBase
  Policy     : MlpPolicy
  Timesteps  : 300,000
  Params     : {'learning_rate': 0.0005, 'gamma': 0.99, 'batch_size': 32, 'buffer_size': 500000, 'epsilon_start': 1.0, 'epsilon_end': 0.05, 'epsilon_decay': 200000, 'target_update_interval': 10000, 'learning_starts': 50000}
======================================================================
Using cpu device
Wrapping the env in a DummyVecEnv.
----------------------------------
| rollout/            |          |
|    ep_len_mean      | 6.93e+03 |
|    ep_rew_mean      | -24      |
|    exploration_rate | 0.869    |
| time/               |          |
|    episodes         | 4        |
|    fps              | 785      |
|    time_elapsed     | 35       |
|    total_timesteps  | 27645    |
----------------------------------
----------------------------------
| rollout/            |          |
|    ep_len_mean      | 6.89e+03 |
|    ep_rew_mean      | -24      |
|    exploration_rate | 0.739    |
| time/               |          |
|    episodes         | 8        |
|    fps              | 136      |
|    time_elapsed     | 401      |
|    total_timesteps  | 54949    |
| train/              |          |
|    learning_rate    | 0.0005   |
|    loss             | 0.000427 |
|    n_updates        | 1237     |
----------------------------------
----------------------------------
| rollout/            |          |
|    ep_len_mean      | 6.88e+03 |
|    ep_rew_mean      | -24      |
|    exploration_rate | 0.609    |
| time/               |          |
|    episodes         | 12       |
|    fps              | 35       |
|    time_elapsed     | 2351     |
|    total_timesteps  | 82415    |
| train/              |          |
|    learning_rate    | 0.0005   |
|    loss             | 4.13e-05 |
|    n_updates        | 8103     |
----------------------------------
----------------------------------
| rollout/            |          |
|    ep_len_mean      | 6.82e+03 |
|    ep_rew_mean      | -23.9    |
|    exploration_rate | 0.483    |
| time/               |          |
|    episodes         | 16       |
|    fps              | 30       |
|    time_elapsed     | 3536     |
|    total_timesteps  | 108831   |
| train/              |          |
|    learning_rate    | 0.0005   |
|    loss             | 6.36e-05 |
|    n_updates        | 14707    |
----------------------------------
----------------------------------
| rollout/            |          |
|    ep_len_mean      | 6.78e+03 |
|    ep_rew_mean      | -23.9    |
|    exploration_rate | 0.358    |
| time/               |          |
|    episodes         | 20       |
|    fps              | 26       |
|    time_elapsed     | 5011     |
|    total_timesteps  | 135261   |
| train/              |          |
|    learning_rate    | 0.0005   |
|    loss             | 0.000156 |
|    n_updates        | 21315    |
----------------------------------
----------------------------------
| rollout/            |          |
|    ep_len_mean      | 6.75e+03 |
|    ep_rew_mean      | -24      |
|    exploration_rate | 0.232    |
| time/               |          |
|    episodes         | 24       |
|    fps              | 23       |
|    time_elapsed     | 6792     |
|    total_timesteps  | 161674   |
| train/              |          |
|    learning_rate    | 0.0005   |
|    loss             | 1.8e-05  |
|    n_updates        | 27918    |
----------------------------------
----------------------------------
| rollout/            |          |
|    ep_len_mean      | 6.76e+03 |
|    ep_rew_mean      | -23.9    |
|    exploration_rate | 0.103    |
| time/               |          |
|    episodes         | 28       |
|    fps              | 21       |
|    time_elapsed     | 8637     |
|    total_timesteps  | 188842   |
| train/              |          |
|    learning_rate    | 0.0005   |
|    loss             | 3.56e-05 |
|    n_updates        | 34710    |
----------------------------------

